-------------------------------------------------------------------------------
Test set: com.github.saulocalixto.parsen.CalcularTest
-------------------------------------------------------------------------------
Tests run: 1, Failures: 0, Errors: 1, Skipped: 0, Time elapsed: 0.005 sec <<< FAILURE! - in com.github.saulocalixto.parsen.CalcularTest
saidaCorreta(com.github.saulocalixto.parsen.CalcularTest)  Time elapsed: 0.005 sec  <<< ERROR!
java.lang.RuntimeException: Uncompilable source code - Erroneous tree type: <any>
	at com.github.saulocalixto.parsen.CalcularTest.saidaCorreta(CalcularTest.java:33)

